<?xml version="1.0" encoding="utf-8"?><testsuites name="pytest tests"><testsuite name="pytest" errors="0" failures="0" skipped="0" tests="12" time="1.879" timestamp="2026-05-11T17:55:10.969901+00:00" hostname="agent-env-aed6fd11-29d6-4c1a-8074-947e215c547f"><testcase classname="backend.tests.test_roofing_api.TestHealth" name="test_health_endpoint" time="0.172" /><testcase classname="backend.tests.test_roofing_api.TestHealth" name="test_root_api" time="0.136" /><testcase classname="backend.tests.test_roofing_api.TestLead" name="test_lead_valid_payload" time="0.152" /><testcase classname="backend.tests.test_roofing_api.TestLead" name="test_lead_no_webhook_url" time="0.162" /><testcase classname="backend.tests.test_roofing_api.TestLead" name="test_lead_missing_required_field" time="0.184" /><testcase classname="backend.tests.test_roofing_api.TestLead" name="test_lead_all_project_types[shingles]" time="0.136" /><testcase classname="backend.tests.test_roofing_api.TestLead" name="test_lead_all_project_types[roof-repair]" time="0.121" /><testcase classname="backend.tests.test_roofing_api.TestLead" name="test_lead_all_project_types[flat-roof]" time="0.116" /><testcase classname="backend.tests.test_roofing_api.TestLead" name="test_lead_all_project_types[metal-roof]" time="0.155" /><testcase classname="backend.tests.test_roofing_api.TestLead" name="test_lead_all_project_types[emergency]" time="0.115" /><testcase classname="backend.tests.test_roofing_api.TestBooking" name="test_booking_valid_payload" time="0.132" /><testcase classname="backend.tests.test_roofing_api.TestBooking" name="test_booking_missing_fields" time="0.128" /></testsuite></testsuites>